<?xml version="1.0" encoding="UTF-8"?>
<!-- Generated by org.testng.reporters.JUnitXMLReporter -->
<testsuite hostname="ShardaPSoni-PC" ignored="2" name="Car Loan" tests="1" failures="0" timestamp="08 Jun 2021 17:38:37 GMT" time="0.005" errors="0">
  <testcase name="WebCarLoan" time="0.001" classname="test.day3"/>
  <testcase name="ApiCarLoan" time="0.0" classname="test.day3">
    <ignored/>
  </testcase> <!-- ApiCarLoan -->
  <testcase name="MobileCarLoan" time="0.0" classname="test.day3">
    <ignored/>
  </testcase> <!-- MobileCarLoan -->
</testsuite> <!-- Car Loan -->
