<?xml version="1.0" encoding="UTF-8"?>
<!-- Generated by org.testng.reporters.JUnitXMLReporter -->
<testsuite hostname="ShardaPSoni-PC" ignored="2" name="Home Loan" tests="1" failures="0" timestamp="08 Jun 2021 17:38:37 GMT" time="0.006" errors="0">
  <testcase name="WebHomeLoan" time="0.001" classname="test.day4"/>
  <testcase name="ApiHomeLoan" time="0.0" classname="test.day4">
    <ignored/>
  </testcase> <!-- ApiHomeLoan -->
  <testcase name="MobileHomeLoan" time="0.0" classname="test.day4">
    <ignored/>
  </testcase> <!-- MobileHomeLoan -->
</testsuite> <!-- Home Loan -->
