<?xml version="1.0" encoding="UTF-8"?>
<!-- Generated by org.testng.reporters.JUnitXMLReporter -->
<testsuite hostname="ShardaPSoni-PC" ignored="0" name="Personal Loan" tests="10" failures="1" timestamp="08 Jun 2021 17:55:36 GMT" time="0.096" errors="0">
  <testcase name="demo" time="0.017" classname="test.day1">
    <failure type="java.lang.AssertionError" message="expected [true] but found [false]">
      <![CDATA[java.lang.AssertionError: expected [true] but found [false]
at test.day1.demo(day1.java:25)
... Removed 29 stack frames]]>
    </failure>
  </testcase> <!-- demo -->
  <testcase name="demo1" time="0.0" classname="test.day1"/>
  <testcase name="demo3" time="0.0" classname="test.day2"/>
  <testcase name="ApiCarLoan" time="0.0" classname="test.day3"/>
  <testcase name="MobileCarLoan" time="0.0" classname="test.day3"/>
  <testcase name="WebCarLoan" time="0.0" classname="test.day3"/>
  <testcase name="ApiHomeLoan" time="0.0" classname="test.day4"/>
  <testcase name="MobileHomeLoan" time="0.0" classname="test.day4"/>
  <testcase name="MobileHomeLoan" time="0.0" classname="test.day4"/>
  <testcase name="WebHomeLoan" time="0.0" classname="test.day4"/>
</testsuite> <!-- Personal Loan -->
