<?xml version="1.0" encoding="UTF-8"?>
<testng-results skipped="0" failed="0" ignored="0" total="1" passed="1">
  <reporter-output>
  </reporter-output>
  <suite name="Default suite" duration-ms="140" started-at="2021-06-08T10:04:02Z" finished-at="2021-06-08T10:04:02Z">
    <groups>
    </groups>
    <test name="Default test" duration-ms="140" started-at="2021-06-08T10:04:02Z" finished-at="2021-06-08T10:04:02Z">
      <class name="test.first">
        <test-method status="PASS" signature="demo()[pri:0, instance:test.first@343f4d3d]" name="demo" duration-ms="16" started-at="2021-06-08T10:04:02Z" finished-at="2021-06-08T10:04:02Z">
          <reporter-output>
          </reporter-output>
        </test-method> <!-- demo -->
      </class> <!-- test.first -->
    </test> <!-- Default test -->
  </suite> <!-- Default suite -->
</testng-results>
